<?xml version="1.0" encoding="UTF-8"?>
<!-- Generated by org.testng.reporters.JUnitReportReporter -->
<testsuite hostname="LAPTOP-CC6E8SKC" failures="0" tests="1" name="driverFactory.DriverScript" time="27.128" errors="0" timestamp="2023-07-24T20:51:23 IST" skipped="0">
  <testcase classname="driverFactory.DriverScript" name="StartTest" time="27.128">
    <system-out>
      <![CDATA[no of rows are::18]]>
    </system-out>
  </testcase> <!-- StartTest -->
  <system-out>
    <![CDATA[no of rows are::18]]>
  </system-out>
</testsuite> <!-- driverFactory.DriverScript -->
