<?xml version="1.0" encoding="UTF-8"?>
<!-- Generated by org.testng.reporters.JUnitReportReporter -->
<testsuite hostname="LAPTOP-CC6E8SKC" failures="0" tests="1" name="driverFactory.Driverscript" time="1.738" errors="0" timestamp="2023-07-24T20:55:38 IST" skipped="0">
  <testcase classname="driverFactory.Driverscript" name="starttest" time="1.738">
    <system-out>
      <![CDATA[no of rows in TCSheet::4     no of rows in TSSheet::4]]>
    </system-out>
  </testcase> <!-- starttest -->
  <system-out>
    <![CDATA[Browser value is not matching 
no of rows in TCSheet::4     no of rows in TSSheet::4]]>
  </system-out>
</testsuite> <!-- driverFactory.Driverscript -->
